<?xml version="1.0" encoding="UTF-8"?>
<testng-results ignored="0" total="1" passed="1" failed="0" skipped="0">
  <reporter-output>
  </reporter-output>
  <suite started-at="2023-03-03T13:01:14 IST" name="Default suite" finished-at="2023-03-03T13:01:18 IST" duration-ms="4015">
    <groups>
    </groups>
    <test started-at="2023-03-03T13:01:14 IST" name="Default test" finished-at="2023-03-03T13:01:18 IST" duration-ms="4015">
      <class name="TestCases.VerifyLogin">
        <test-method signature="login()[pri:0, instance:TestCases.VerifyLogin@39529185]" started-at="2023-03-03T13:01:14 IST" name="login" finished-at="2023-03-03T13:01:18 IST" duration-ms="3977" status="PASS">
          <reporter-output>
          </reporter-output>
        </test-method> <!-- login -->
      </class> <!-- TestCases.VerifyLogin -->
    </test> <!-- Default test -->
  </suite> <!-- Default suite -->
</testng-results>
