<?xml version="1.0" encoding="UTF-8"?>
<testng-results ignored="0" total="1" passed="1" failed="0" skipped="0">
  <reporter-output>
  </reporter-output>
  <suite started-at="2023-03-03T20:47:40 IST" name="Default suite" finished-at="2023-03-03T20:48:04 IST" duration-ms="23672">
    <groups>
    </groups>
    <test started-at="2023-03-03T20:47:40 IST" name="Default test" finished-at="2023-03-03T20:48:04 IST" duration-ms="23672">
      <class name="TestCases.VerifyRegisterPage">
        <test-method is-config="true" signature="OpenUrl()[pri:0, instance:TestCases.VerifyRegisterPage@619713e5]" started-at="2023-03-03T20:47:40 IST" name="OpenUrl" finished-at="2023-03-03T20:47:52 IST" duration-ms="12397" status="PASS">
          <reporter-output>
          </reporter-output>
        </test-method> <!-- OpenUrl -->
        <test-method signature="Register()[pri:0, instance:TestCases.VerifyRegisterPage@619713e5]" started-at="2023-03-03T20:47:52 IST" name="Register" finished-at="2023-03-03T20:48:04 IST" duration-ms="11224" status="PASS">
          <reporter-output>
          </reporter-output>
        </test-method> <!-- Register -->
      </class> <!-- TestCases.VerifyRegisterPage -->
    </test> <!-- Default test -->
  </suite> <!-- Default suite -->
</testng-results>
